<?xml version="1.0" encoding="utf-8"?><testsuites name="pytest tests"><testsuite name="pytest" errors="0" failures="0" skipped="0" tests="19" time="63.723" timestamp="2026-01-28T22:09:28.322403+00:00" hostname="agent-env-b7afb55a-3a60-4cea-9586-eb8730324d30"><testcase classname="backend.tests.test_multi_tenant_isolation.TestAuthAndSetup" name="test_super_admin_login" time="1.056" /><testcase classname="backend.tests.test_multi_tenant_isolation.TestAuthAndSetup" name="test_super_admin_me_endpoint" time="0.849" /><testcase classname="backend.tests.test_multi_tenant_isolation.TestSuperAdminAccess" name="test_super_admin_can_get_all_clinics" time="2.021" /><testcase classname="backend.tests.test_multi_tenant_isolation.TestSuperAdminAccess" name="test_super_admin_can_get_global_stats" time="1.843" /><testcase classname="backend.tests.test_multi_tenant_isolation.TestSuperAdminAccess" name="test_super_admin_can_see_all_patients" time="0.864" /><testcase classname="backend.tests.test_multi_tenant_isolation.TestSuperAdminAccess" name="test_super_admin_can_see_all_appointments" time="1.172" /><testcase classname="backend.tests.test_multi_tenant_isolation.TestClinicDataIsolation" name="test_doctor_cannot_access_superadmin_endpoints" time="5.768" /><testcase classname="backend.tests.test_multi_tenant_isolation.TestClinicDataIsolation" name="test_doctor_sees_filtered_patients" time="2.003" /><testcase classname="backend.tests.test_multi_tenant_isolation.TestClinicDataIsolation" name="test_doctor_sees_filtered_appointments" time="2.030" /><testcase classname="backend.tests.test_multi_tenant_isolation.TestCrossClinicAccessPrevention" name="test_demo01_doctor_cannot_access_drcastella_patient" time="6.803" /><testcase classname="backend.tests.test_multi_tenant_isolation.TestCrossClinicAccessPrevention" name="test_demo01_doctor_cannot_update_drcastella_patient" time="1.171" /><testcase classname="backend.tests.test_multi_tenant_isolation.TestCrossClinicAccessPrevention" name="test_demo01_doctor_cannot_access_drcastella_medical_record" time="0.858" /><testcase classname="backend.tests.test_multi_tenant_isolation.TestDashboardStatsFiltering" name="test_dashboard_stats_filtered_for_doctor" time="8.671" /><testcase classname="backend.tests.test_multi_tenant_isolation.TestWhatsAppWebhookCodeFormats" name="test_webhook_accepts_hashtag_code_format" time="5.519" /><testcase classname="backend.tests.test_multi_tenant_isolation.TestWhatsAppWebhookCodeFormats" name="test_webhook_accepts_ref_code_format" time="0.653" /><testcase classname="backend.tests.test_multi_tenant_isolation.TestWhatsAppWebhookCodeFormats" name="test_webhook_accepts_plain_hashtag_format" time="4.325" /><testcase classname="backend.tests.test_multi_tenant_isolation.TestConversationsIsolation" name="test_doctor_sees_filtered_conversations" time="6.169" /><testcase classname="backend.tests.test_multi_tenant_isolation.TestAlertsIsolation" name="test_doctor_sees_filtered_alerts" time="6.101" /><testcase classname="backend.tests.test_multi_tenant_isolation.TestAvailabilityIsolation" name="test_doctor_sees_filtered_availability" time="5.758" /></testsuite></testsuites>