<?xml version="1.0" encoding="utf-8"?><testsuites name="pytest tests"><testsuite name="pytest" errors="0" failures="1" skipped="0" tests="8" time="12.773" timestamp="2026-02-20T02:06:05.091475+00:00" hostname="agent-env-111fc6fc-df08-4206-9138-e8ff281d09ab"><testcase classname="backend.tests.test_new_features.TestDeletePatientEndpoint" name="test_delete_patient_requires_auth" time="0.577" /><testcase classname="backend.tests.test_new_features.TestDeletePatientEndpoint" name="test_delete_nonexistent_patient_returns_404" time="2.226"><failure message="AssertionError: Expected 404, got 520&#10;assert 520 == 404&#10; +  where 520 = &lt;Response [520]&gt;.status_code">backend/tests/test_new_features.py:58: in test_delete_nonexistent_patient_returns_404
    assert response.status_code == 404, f"Expected 404, got {response.status_code}"
E   AssertionError: Expected 404, got 520
E   assert 520 == 404
E    +  where 520 = &lt;Response [520]&gt;.status_code</failure></testcase><testcase classname="backend.tests.test_new_features.TestDeletePatientEndpoint" name="test_get_patients_list_for_delete_test" time="0.783" /><testcase classname="backend.tests.test_new_features.TestAppointmentStatusEndpoints" name="test_appointments_have_status_field" time="1.898" /><testcase classname="backend.tests.test_new_features.TestAppointmentStatusEndpoints" name="test_appointments_filter_by_date" time="0.834" /><testcase classname="backend.tests.test_new_features.TestAvailabilityEndpoints" name="test_get_availability_slots" time="1.766" /><testcase classname="backend.tests.test_new_features.TestAvailabilityEndpoints" name="test_create_and_delete_availability_slot" time="1.766" /><testcase classname="backend.tests.test_new_features.TestDashboardStats" name="test_dashboard_stats_endpoint" time="2.773" /></testsuite></testsuites>