<?xml version="1.0" encoding="utf-8"?><testsuites name="pytest tests"><testsuite name="pytest" errors="2" failures="1" skipped="0" tests="18" time="53.624" timestamp="2026-01-28T22:05:51.233094+00:00" hostname="agent-env-b7afb55a-3a60-4cea-9586-eb8730324d30"><testcase classname="backend.tests.test_multi_tenant_isolation.TestAuthAndSetup" name="test_super_admin_login" time="1.302" /><testcase classname="backend.tests.test_multi_tenant_isolation.TestAuthAndSetup" name="test_super_admin_me_endpoint" time="0.832" /><testcase classname="backend.tests.test_multi_tenant_isolation.TestSuperAdminAccess" name="test_super_admin_can_get_all_clinics" time="1.679" /><testcase classname="backend.tests.test_multi_tenant_isolation.TestSuperAdminAccess" name="test_super_admin_can_get_global_stats" time="2.069" /><testcase classname="backend.tests.test_multi_tenant_isolation.TestSuperAdminAccess" name="test_super_admin_can_see_all_patients" time="0.847" /><testcase classname="backend.tests.test_multi_tenant_isolation.TestSuperAdminAccess" name="test_super_admin_can_see_all_appointments" time="0.719" /><testcase classname="backend.tests.test_multi_tenant_isolation.TestClinicDataIsolation" name="test_doctor_cannot_access_superadmin_endpoints" time="5.760" /><testcase classname="backend.tests.test_multi_tenant_isolation.TestClinicDataIsolation" name="test_doctor_only_sees_own_clinic_patients" time="1.765"><failure message="AssertionError: Doctor sees patient from another clinic: {'id': '64f9e6b6-c5e5-4316-adb6-6f6168b1428f', 'phone': '5211234567890', 'name': None, 'created_at': '2026-01-28T22:03:40.713049+00:00', 'last_interaction': '2026-01-28T22:03:40.713049+00:00'}&#10;assert None == 'a28a98b8-9e8b-41b1-998b-9c66d8634ba0'&#10; +  where None = &lt;built-in method get of dict object at 0xfb40dbfe8740&gt;('clinic_id')&#10; +    where &lt;built-in method get of dict object at 0xfb40dbfe8740&gt; = {'created_at': '2026-01-28T22:03:40.713049+00:00', 'id': '64f9e6b6-c5e5-4316-adb6-6f6168b1428f', 'last_interaction': '2026-01-28T22:03:40.713049+00:00', 'name': None, ...}.get">backend/tests/test_multi_tenant_isolation.py:205: in test_doctor_only_sees_own_clinic_patients
    assert patient.get("clinic_id") == clinic_id, f"Doctor sees patient from another clinic: {patient}"
E   AssertionError: Doctor sees patient from another clinic: {'id': '64f9e6b6-c5e5-4316-adb6-6f6168b1428f', 'phone': '5211234567890', 'name': None, 'created_at': '2026-01-28T22:03:40.713049+00:00', 'last_interaction': '2026-01-28T22:03:40.713049+00:00'}
E   assert None == 'a28a98b8-9e8b-41b1-998b-9c66d8634ba0'
E    +  where None = &lt;built-in method get of dict object at 0xfb40dbfe8740&gt;('clinic_id')
E    +    where &lt;built-in method get of dict object at 0xfb40dbfe8740&gt; = {'created_at': '2026-01-28T22:03:40.713049+00:00', 'id': '64f9e6b6-c5e5-4316-adb6-6f6168b1428f', 'last_interaction': '2026-01-28T22:03:40.713049+00:00', 'name': None, ...}.get</failure></testcase><testcase classname="backend.tests.test_multi_tenant_isolation.TestClinicDataIsolation" name="test_doctor_only_sees_own_clinic_appointments" time="1.993" /><testcase classname="backend.tests.test_multi_tenant_isolation.TestCrossClinicAccessPrevention" name="test_doctor_cannot_access_other_clinic_patient" time="0.487"><error message="failed on setup with &quot;requests.exceptions.JSONDecodeError: Expecting value: line 1 column 1 (char 0)&quot;">/root/.venv/lib/python3.11/site-packages/requests/models.py:976: in json
    return complexjson.loads(self.text, **kwargs)
           ^^^^^^^^^^^^^^^^^^^^^^^^^^^^^^^^^^^^^^
/usr/local/lib/python3.11/json/__init__.py:346: in loads
    return _default_decoder.decode(s)
           ^^^^^^^^^^^^^^^^^^^^^^^^^^
/usr/local/lib/python3.11/json/decoder.py:337: in decode
    obj, end = self.raw_decode(s, idx=_w(s, 0).end())
               ^^^^^^^^^^^^^^^^^^^^^^^^^^^^^^^^^^^^^^
/usr/local/lib/python3.11/json/decoder.py:355: in raw_decode
    raise JSONDecodeError("Expecting value", s, err.value) from None
E   json.decoder.JSONDecodeError: Expecting value: line 1 column 1 (char 0)

During handling of the above exception, another exception occurred:
backend/tests/test_multi_tenant_isolation.py:243: in super_admin_token
    return response.json()["access_token"]
           ^^^^^^^^^^^^^^^
/root/.venv/lib/python3.11/site-packages/requests/models.py:980: in json
    raise RequestsJSONDecodeError(e.msg, e.doc, e.pos)
E   requests.exceptions.JSONDecodeError: Expecting value: line 1 column 1 (char 0)</error></testcase><testcase classname="backend.tests.test_multi_tenant_isolation.TestCrossClinicAccessPrevention" name="test_doctor_cannot_update_other_clinic_patient" time="0.000"><error message="failed on setup with &quot;requests.exceptions.JSONDecodeError: Expecting value: line 1 column 1 (char 0)&quot;">/root/.venv/lib/python3.11/site-packages/requests/models.py:976: in json
    return complexjson.loads(self.text, **kwargs)
           ^^^^^^^^^^^^^^^^^^^^^^^^^^^^^^^^^^^^^^
/usr/local/lib/python3.11/json/__init__.py:346: in loads
    return _default_decoder.decode(s)
           ^^^^^^^^^^^^^^^^^^^^^^^^^^
/usr/local/lib/python3.11/json/decoder.py:337: in decode
    obj, end = self.raw_decode(s, idx=_w(s, 0).end())
               ^^^^^^^^^^^^^^^^^^^^^^^^^^^^^^^^^^^^^^
/usr/local/lib/python3.11/json/decoder.py:355: in raw_decode
    raise JSONDecodeError("Expecting value", s, err.value) from None
E   json.decoder.JSONDecodeError: Expecting value: line 1 column 1 (char 0)

During handling of the above exception, another exception occurred:
backend/tests/test_multi_tenant_isolation.py:243: in super_admin_token
    return response.json()["access_token"]
           ^^^^^^^^^^^^^^^
/root/.venv/lib/python3.11/site-packages/requests/models.py:980: in json
    raise RequestsJSONDecodeError(e.msg, e.doc, e.pos)
E   requests.exceptions.JSONDecodeError: Expecting value: line 1 column 1 (char 0)</error></testcase><testcase classname="backend.tests.test_multi_tenant_isolation.TestDashboardStatsFiltering" name="test_dashboard_stats_filtered_for_doctor" time="7.762" /><testcase classname="backend.tests.test_multi_tenant_isolation.TestWhatsAppWebhookCodeFormats" name="test_webhook_accepts_hashtag_code_format" time="5.278" /><testcase classname="backend.tests.test_multi_tenant_isolation.TestWhatsAppWebhookCodeFormats" name="test_webhook_accepts_ref_code_format" time="0.666" /><testcase classname="backend.tests.test_multi_tenant_isolation.TestWhatsAppWebhookCodeFormats" name="test_webhook_accepts_plain_hashtag_format" time="4.242" /><testcase classname="backend.tests.test_multi_tenant_isolation.TestConversationsIsolation" name="test_doctor_only_sees_own_clinic_conversations" time="5.564" /><testcase classname="backend.tests.test_multi_tenant_isolation.TestAlertsIsolation" name="test_doctor_only_sees_own_clinic_alerts" time="5.565" /><testcase classname="backend.tests.test_multi_tenant_isolation.TestAvailabilityIsolation" name="test_doctor_only_sees_own_clinic_availability" time="6.936" /></testsuite></testsuites>